[00:01:21] [User Authenticator #1/INFO]: UUID of player AngeloXRT is 4f950e56-b8e7-31f0-8352-792a8b5ea0a9
[00:01:21] [Server thread/INFO]: AngeloXRT joined the game
[00:01:21] [Server thread/INFO]: AngeloXRT[/127.76.118.210:36563] logged in with entity id 4353 at ([world]-68.5, 67.0, -70.5)
[00:01:33] [Async Chat Thread - #1/INFO]: [Not Secure] <AngeloXRT> mondongo
[00:02:03] [Async Chat Thread - #1/INFO]: [Not Secure] <Rghost1700> diavlo
[00:02:13] [Async Chat Thread - #1/INFO]: [Not Secure] <AngeloXRT> dime coordenadas
[00:02:23] [Async Chat Thread - #0/INFO]: [Not Secure] <AngeloXRT> where are you Scooby Doo?
[00:02:27] [Async Chat Thread - #1/INFO]: [Not Secure] <Rghost1700> quieres venir a pie o quieres hacerte tp
[00:02:35] [Async Chat Thread - #1/INFO]: [Not Secure] <Rghost1700> tipo hay para pedir tp
[00:02:41] [Async Chat Thread - #0/INFO]: [Not Secure] <AngeloXRT> a pie
[00:02:47] [Async Chat Thread - #1/INFO]: [Not Secure] <Rghost1700> hechale bola
[00:03:06] [Async Chat Thread - #0/INFO]: [Not Secure] <Rghost1700> -1369 110 -2055
[00:08:57] [Async Chat Thread - #2/INFO]: [Not Secure] <AngeloXRT> ya me mae, hazme tp xd
[00:09:15] [Async Chat Thread - #3/INFO]: [Not Secure] <Rghost1700> ./tpa Rghost1700
[00:09:22] [Async Chat Thread - #3/INFO]: [Not Secure] <Rghost1700> escribe eso sin el .
[00:09:30] [Server thread/INFO]: AngeloXRT issued server command: /tpa Rghost1700
[00:09:33] [Server thread/INFO]: Rghost1700 issued server command: /tpaccept
[00:09:41] [Server thread/INFO]: AngeloXRT issued server command: /tpa Rghost1700
[00:09:45] [Server thread/INFO]: Rghost1700 issued server command: /tpaccept
[00:09:51] [Async Chat Thread - #2/INFO]: [Not Secure] <AngeloXRT> holy fuck
[00:10:02] [Async Chat Thread - #3/INFO]: [Not Secure] <AngeloXRT> wenas nopches gente de caracas
[00:10:04] [Server thread/INFO]: AngeloXRT has made the advancement [Isn't It Iron Pick]
[00:10:08] [Async Chat Thread - #4/INFO]: [Not Secure] <AngeloXRT> thx
[00:10:17] [Async Chat Thread - #3/INFO]: [Not Secure] <Rghost1700> mi casa esta para alla
[00:10:17] [Async Chat Thread - #4/INFO]: [Not Secure] <AngeloXRT> que hacias? xd
[00:10:22] [Async Chat Thread - #3/INFO]: [Not Secure] <Rghost1700> subiendo esa montaña
[00:10:30] [Async Chat Thread - #4/INFO]: [Not Secure] <Rghost1700> me peleaba con un ahogado
[00:10:50] [Async Chat Thread - #3/INFO]: [Not Secure] <AngeloXRT> y supongo que perdiste
[00:10:53] [Async Chat Thread - #4/INFO]: [Not Secure] <Rghost1700> no
[00:12:33] [Async Chat Thread - #5/INFO]: [Not Secure] <Rghost1700> villa vive en la villa
[00:12:46] [Async Chat Thread - #6/INFO]: [Not Secure] <AngeloXRT> JAJA chistarros
[00:12:49] [Async Chat Thread - #5/INFO]: [Not Secure] <Rghost1700> xD
[00:12:49] [Async Chat Thread - #6/INFO]: [Not Secure] <AngeloXRT> xd
[00:12:57] [Async Chat Thread - #5/INFO]: [Not Secure] <Rghost1700> abajo hay una cueva
[00:13:04] [Async Chat Thread - #6/INFO]: [Not Secure] <AngeloXRT> :o
[00:13:14] [Async Chat Thread - #5/INFO]: [Not Secure] <AngeloXRT> ya sé donde viviré en los proximos 3 dias entonces xd
[00:13:18] [Server thread/INFO]: AngeloXRT has made the advancement [Suit Up]
[00:13:24] [Async Chat Thread - #6/INFO]: [Not Secure] <AngeloXRT> thx
[00:13:27] [Async Chat Thread - #5/INFO]: [Not Secure] <AngeloXRT> nono
[00:13:30] [Async Chat Thread - #6/INFO]: [Not Secure] <AngeloXRT> tranquilo
[00:13:37] [Async Chat Thread - #5/INFO]: [Not Secure] <AngeloXRT> gracias
[00:14:21] [Async Chat Thread - #5/INFO]: [Not Secure] <Rghost1700> hay un comando que es para que pongas un tp a tu base cuando tengas
[00:14:27] [Async Chat Thread - #5/INFO]: [Not Secure] <Rghost1700> es /sethome
[00:14:31] [Async Chat Thread - #5/INFO]: [Not Secure] <AngeloXRT> ok
[00:14:35] [Async Chat Thread - #6/INFO]: [Not Secure] <AngeloXRT> gracias
[00:15:02] [Server thread/INFO]: AngeloXRT has made the advancement [Monster Hunter]
[00:15:04] [Server thread/INFO]: AngeloXRT has made the advancement [Stone Age]
[00:15:28] [Async Chat Thread - #5/INFO]: [Not Secure] <Rghost1700> necesito andesita
[00:15:46] [Async Chat Thread - #6/INFO]: [Not Secure] <AngeloXRT> material pa´ feo
[00:15:58] [Async Chat Thread - #5/INFO]: [Not Secure] <Rghost1700> no
[00:16:10] [Server thread/INFO]: AngeloXRT has made the advancement [Getting an Upgrade]
[00:16:26] [Async Chat Thread - #6/INFO]: [Not Secure] <Rghost1700> csm justo consigo y se rompe el picp
[00:16:28] [Async Chat Thread - #5/INFO]: [Not Secure] <Rghost1700> pico
[00:28:00] [Server thread/INFO]: Villager EntityVillager['Villager'/211, uuid='73fe2ec7-34eb-4c91-8063-6e826a03ff0c', l='ServerLevel[world]', x=-1315.43, y=115.00, z=-1962.38, cpos=[-83, -123], tl=170699, v=true] died, message: 'Villager was slain by Zombie'
[00:31:55] [Server thread/INFO]: AngeloXRT has made the advancement [Acquire Hardware]
